<?xml version="1.0" encoding="UTF-8"?>
<!-- Generated by org.testng.reporters.JUnitXMLReporter -->
<testsuite ignored="0" hostname="DESKTOP-1BK6NQ9" failures="3" tests="21" name="Test" time="173.419" errors="0" timestamp="2023-12-05T18:04:46 IST">
  <testcase classname="testCases.LoginPageTest" name="loginToApplicationTest" time="2.028">
    <failure type="java.lang.AssertionError" message="expected [https://www.saucedemo.com/inventory.html] but found [https://www.saucedemo.com/]">
      <![CDATA[java.lang.AssertionError: expected [https://www.saucedemo.com/inventory.html] but found [https://www.saucedemo.com/]
at testCases.LoginPageTest.loginToApplicationTest(LoginPageTest.java:46)
at java.base/java.util.ArrayList.forEach(ArrayList.java:1511)
... Removed 31 stack frames]]>
    </failure>
  </testcase> <!-- loginToApplicationTest -->
  <testcase classname="testCases.LoginPageTest" name="verifyTitleofApplicationTest" time="0.126"/>
  <testcase classname="testCases.LoginPageTest" name="verifyURLofApplicationTest" time="0.094"/>
  <testcase classname="testCases.cartPageTest" name="LoginToYourCartTest" time="0.172"/>
  <testcase classname="testCases.cartPageTest" name="remove3productTest" time="0.497"/>
  <testcase classname="testCases.cartPageTest" name="verifyCartDescriptionLabelTest" time="0.15"/>
  <testcase classname="testCases.cartPageTest" name="verifyCartQTYLabelTest" time="0.102">
    <failure type="java.lang.AssertionError" message="expected [QTY] but found [Swag Labs]">
      <![CDATA[java.lang.AssertionError: expected [QTY] but found [Swag Labs]
at testCases.cartPageTest.verifyCartQTYLabelTest(cartPageTest.java:51)
at java.base/java.util.ArrayList.forEach(ArrayList.java:1511)
... Removed 31 stack frames]]>
    </failure>
  </testcase> <!-- verifyCartQTYLabelTest -->
  <testcase classname="testCases.cartPageTest" name="verifyYourCartLabelTest" time="0.136"/>
  <testcase classname="testCases.cartPageTest" name="verifyapplogoTest" time="0.085"/>
  <testcase classname="testCases.cartPageTest" name="verifycheckoutBtnTest" time="0.194"/>
  <testcase classname="testCases.cartPageTest" name="verifycontinueshoppingBtnTest" time="0.219"/>
  <testcase classname="testCases.inventory_page_2_Test" name="LoginToYourCartTest" time="0.147"/>
  <testcase classname="testCases.inventory_page_2_Test" name="add6productsTest" time="1.266"/>
  <testcase classname="testCases.inventory_page_2_Test" name="remove2productsTest" time="4.739"/>
  <testcase classname="testCases.inventory_page_2_Test" name="verifyAppLogoTest" time="0.065"/>
  <testcase classname="testCases.inventory_page_2_Test" name="verifyCartLogoTest" time="0.052"/>
  <testcase classname="testCases.inventory_page_2_Test" name="verifyFacebookLogoTest" time="0.05"/>
  <testcase classname="testCases.inventory_page_2_Test" name="verifyFooterTextTest" time="0.044"/>
  <testcase classname="testCases.inventory_page_2_Test" name="verifyLinkedInLogoTest" time="0.05"/>
  <testcase classname="testCases.inventory_page_2_Test" name="verifyProductsLabelTest" time="0.083">
    <failure type="java.lang.AssertionError" message="expected [Products] but found [Swag Labs]">
      <![CDATA[java.lang.AssertionError: expected [Products] but found [Swag Labs]
at testCases.inventory_page_2_Test.verifyProductsLabelTest(inventory_page_2_Test.java:34)
at java.base/java.util.ArrayList.forEach(ArrayList.java:1511)
... Removed 31 stack frames]]>
    </failure>
  </testcase> <!-- verifyProductsLabelTest -->
  <testcase classname="testCases.inventory_page_2_Test" name="verifyTwitterLogoTest" time="0.05"/>
</testsuite> <!-- Test -->
